<?xml version="1.0" encoding="UTF-8"?>
<!-- Generated by org.testng.reporters.JUnitXMLReporter -->
<testsuite hostname="Mynampati" ignored="0" name="Surefire test" tests="2" failures="2" timestamp="17 Nov 2020 13:49:23 GMT" time="92.718" errors="0">
  <testcase name="runScenario" time="90.496" classname="io.cucumber.testng.AbstractTestNGCucumberTests">
    <failure type="org.openqa.selenium.WebDriverException" message="chrome not reachable
  (Session info: chrome=86.0.4240.198)
Build info: version: &amp;apos;3.141.59&amp;apos;, revision: &amp;apos;e82be7d358&amp;apos;, time: &amp;apos;2018-11-14T08:17:03&amp;apos;
System info: host: &amp;apos;MYNAMPATI&amp;apos;, ip: &amp;apos;192.168.0.110&amp;apos;, os.name: &amp;apos;Windows 10&amp;apos;, os.arch: &amp;apos;amd64&amp;apos;, os.version: &amp;apos;10.0&amp;apos;, java.version: &amp;apos;1.8.0_144&amp;apos;
Driver info: org.openqa.selenium.chrome.ChromeDriver
Capabilities {acceptInsecureCerts: false, browserName: chrome, browserVersion: 86.0.4240.198, chrome: {chromedriverVersion: 86.0.4240.22 (398b0743353ff..., userDataDir: C:\Users\MYNAMP~1\AppData\L...}, goog:chromeOptions: {debuggerAddress: localhost:59071}, javascriptEnabled: true, networkConnectionEnabled: false, pageLoadStrategy: normal, platform: WINDOWS, platformName: WINDOWS, proxy: Proxy(), setWindowRect: true, strictFileInteractability: false, timeouts: {implicit: 0, pageLoad: 300000, script: 30000}, unhandledPromptBehavior: dismiss and notify, webauthn:virtualAuthenticators: true}
Session ID: 0c5c658fa6038670edd15aea5b6d1853
*** Element info: {Using=xpath, value=//*[contains(@ng-repeat,&amp;apos;suggestions&amp;apos;)]/descendant::span[contains(@class,&amp;apos;result-name&amp;apos;)]}">
      <![CDATA[org.openqa.selenium.WebDriverException: chrome not reachable
  (Session info: chrome=86.0.4240.198)
Build info: version: '3.141.59', revision: 'e82be7d358', time: '2018-11-14T08:17:03'
System info: host: 'MYNAMPATI', ip: '192.168.0.110', os.name: 'Windows 10', os.arch: 'amd64', os.version: '10.0', java.version: '1.8.0_144'
Driver info: org.openqa.selenium.chrome.ChromeDriver
Capabilities {acceptInsecureCerts: false, browserName: chrome, browserVersion: 86.0.4240.198, chrome: {chromedriverVersion: 86.0.4240.22 (398b0743353ff..., userDataDir: C:\Users\MYNAMP~1\AppData\L...}, goog:chromeOptions: {debuggerAddress: localhost:59071}, javascriptEnabled: true, networkConnectionEnabled: false, pageLoadStrategy: normal, platform: WINDOWS, platformName: WINDOWS, proxy: Proxy(), setWindowRect: true, strictFileInteractability: false, timeouts: {implicit: 0, pageLoad: 300000, script: 30000}, unhandledPromptBehavior: dismiss and notify, webauthn:virtualAuthenticators: true}
Session ID: 0c5c658fa6038670edd15aea5b6d1853
*** Element info: {Using=xpath, value=//*[contains(@ng-repeat,'suggestions')]/descendant::span[contains(@class,'result-name')]}
at org.openqa.selenium.remote.http.W3CHttpResponseCodec.createException(W3CHttpResponseCodec.java:187)
at org.openqa.selenium.remote.http.W3CHttpResponseCodec.decode(W3CHttpResponseCodec.java:122)
at org.openqa.selenium.remote.http.W3CHttpResponseCodec.decode(W3CHttpResponseCodec.java:49)
at org.openqa.selenium.remote.HttpCommandExecutor.execute(HttpCommandExecutor.java:158)
at org.openqa.selenium.remote.service.DriverCommandExecutor.execute(DriverCommandExecutor.java:83)
at org.openqa.selenium.remote.RemoteWebDriver.execute(RemoteWebDriver.java:552)
at org.openqa.selenium.remote.RemoteWebDriver.findElements(RemoteWebDriver.java:353)
at org.openqa.selenium.remote.RemoteWebDriver.findElementsByXPath(RemoteWebDriver.java:432)
at org.openqa.selenium.By$ByXPath.findElements(By.java:348)
at org.openqa.selenium.remote.RemoteWebDriver.findElements(RemoteWebDriver.java:311)
at org.openqa.selenium.support.pagefactory.DefaultElementLocator.findElements(DefaultElementLocator.java:85)
at org.openqa.selenium.support.pagefactory.internal.LocatingElementListHandler.invoke(LocatingElementListHandler.java:36)
at com.sun.proxy.$Proxy19.get(Unknown Source)
at utils.TestUtils.selectFromList(TestUtils.java:230)
at steps.HomePageSteps.enterPickUpLocation(HomePageSteps.java:33)
at stepdefinitions.HomePageStepDefinitions.user_types_and_selects_pickup_location_as(HomePageStepDefinitions.java:23)
at ✽.user types "aus" and selects pickup and return location as "Austin Bergstrom Intl Airport"(file:///C:/Users/Mynampati/Downloads/BDDFramework/BDDFramework/src/test/resources/features/hireSUV.feature:20)
... Removed 4 stack frames]]>
    </failure>
  </testcase> <!-- runScenario -->
  <testcase name="runScenario" time="90.543" classname="io.cucumber.testng.AbstractTestNGCucumberTests">
    <failure type="org.openqa.selenium.WebDriverException" message="chrome not reachable
  (Session info: chrome=86.0.4240.198)
Build info: version: &amp;apos;3.141.59&amp;apos;, revision: &amp;apos;e82be7d358&amp;apos;, time: &amp;apos;2018-11-14T08:17:03&amp;apos;
System info: host: &amp;apos;MYNAMPATI&amp;apos;, ip: &amp;apos;192.168.0.110&amp;apos;, os.name: &amp;apos;Windows 10&amp;apos;, os.arch: &amp;apos;amd64&amp;apos;, os.version: &amp;apos;10.0&amp;apos;, java.version: &amp;apos;1.8.0_144&amp;apos;
Driver info: org.openqa.selenium.chrome.ChromeDriver
Capabilities {acceptInsecureCerts: false, browserName: chrome, browserVersion: 86.0.4240.198, chrome: {chromedriverVersion: 86.0.4240.22 (398b0743353ff..., userDataDir: C:\Users\MYNAMP~1\AppData\L...}, goog:chromeOptions: {debuggerAddress: localhost:59070}, javascriptEnabled: true, networkConnectionEnabled: false, pageLoadStrategy: normal, platform: WINDOWS, platformName: WINDOWS, proxy: Proxy(), setWindowRect: true, strictFileInteractability: false, timeouts: {implicit: 0, pageLoad: 300000, script: 30000}, unhandledPromptBehavior: dismiss and notify, webauthn:virtualAuthenticators: true}
Session ID: b50d999c400b0fd5e79d671d66104d55">
      <![CDATA[org.openqa.selenium.WebDriverException: chrome not reachable
  (Session info: chrome=86.0.4240.198)
Build info: version: '3.141.59', revision: 'e82be7d358', time: '2018-11-14T08:17:03'
System info: host: 'MYNAMPATI', ip: '192.168.0.110', os.name: 'Windows 10', os.arch: 'amd64', os.version: '10.0', java.version: '1.8.0_144'
Driver info: org.openqa.selenium.chrome.ChromeDriver
Capabilities {acceptInsecureCerts: false, browserName: chrome, browserVersion: 86.0.4240.198, chrome: {chromedriverVersion: 86.0.4240.22 (398b0743353ff..., userDataDir: C:\Users\MYNAMP~1\AppData\L...}, goog:chromeOptions: {debuggerAddress: localhost:59070}, javascriptEnabled: true, networkConnectionEnabled: false, pageLoadStrategy: normal, platform: WINDOWS, platformName: WINDOWS, proxy: Proxy(), setWindowRect: true, strictFileInteractability: false, timeouts: {implicit: 0, pageLoad: 300000, script: 30000}, unhandledPromptBehavior: dismiss and notify, webauthn:virtualAuthenticators: true}
Session ID: b50d999c400b0fd5e79d671d66104d55
at org.openqa.selenium.remote.http.W3CHttpResponseCodec.createException(W3CHttpResponseCodec.java:187)
at org.openqa.selenium.remote.http.W3CHttpResponseCodec.decode(W3CHttpResponseCodec.java:122)
at org.openqa.selenium.remote.http.W3CHttpResponseCodec.decode(W3CHttpResponseCodec.java:49)
at org.openqa.selenium.remote.HttpCommandExecutor.execute(HttpCommandExecutor.java:158)
at org.openqa.selenium.remote.service.DriverCommandExecutor.execute(DriverCommandExecutor.java:83)
at org.openqa.selenium.remote.RemoteWebDriver.execute(RemoteWebDriver.java:552)
at org.openqa.selenium.remote.RemoteWebDriver.executeScript(RemoteWebDriver.java:489)
at utils.TestUtils.pageScrollUp(TestUtils.java:252)
at steps.HomePageSteps.enterPickUpLocation(HomePageSteps.java:34)
at stepdefinitions.HomePageStepDefinitions.user_types_and_selects_pickup_location_as(HomePageStepDefinitions.java:23)
at ✽.user types "aus" and selects pickup and return location as "Austin Bergstrom Intl Airport"(file:///C:/Users/Mynampati/Downloads/BDDFramework/BDDFramework/src/test/resources/features/hireSUV.feature:6)
... Removed 4 stack frames]]>
    </failure>
  </testcase> <!-- runScenario -->
</testsuite> <!-- Surefire test -->
